nohup: appending output to 'nohup.out'
[I 12:20:26.873 NotebookApp] JupyterLab extension loaded from /home/notebookuser/anaconda3/lib/python3.7/site-packages/jupyterlab
[I 12:20:26.874 NotebookApp] JupyterLab application directory is /home/notebookuser/anaconda3/share/jupyter/lab
[I 12:20:26.876 NotebookApp] Serving notebooks from local directory: /home/notebookuser/notebooks
[I 12:20:26.876 NotebookApp] The Jupyter Notebook is running at:
[I 12:20:26.877 NotebookApp] http://(4ecba63bef9e or 127.0.0.1):9003/?token=28db7951c8c3e73cdb28e0e4e1f729a0ddfd2d121db3e72d
[I 12:20:26.877 NotebookApp] Use Control-C to stop this server and shut down all kernels (twice to skip confirmation).
[C 12:20:26.880 NotebookApp] 
    
    To access the notebook, open this file in a browser:
        file:///home/notebookuser/.local/share/jupyter/runtime/nbserver-7788-open.html
    Or copy and paste one of these URLs:
        http://(4ecba63bef9e or 127.0.0.1):9003/?token=28db7951c8c3e73cdb28e0e4e1f729a0ddfd2d121db3e72d
[W 12:20:44.182 NotebookApp] Forbidden
[W 12:20:44.184 NotebookApp] 403 GET /api/sessions?_=1589371906470 (172.17.0.1) 4.96ms referer=http://localhost:9003/tree/covid19
[W 12:20:44.185 NotebookApp] Forbidden
[W 12:20:44.186 NotebookApp] 403 GET /api/terminals?_=1589371906471 (172.17.0.1) 5.26ms referer=http://localhost:9003/tree/covid19
[I 12:20:53.829 NotebookApp] 302 POST /login?next=%2F (172.17.0.1) 1.91ms
[I 12:20:53.835 NotebookApp] 302 GET / (172.17.0.1) 0.58ms
[W 12:21:01.496 NotebookApp] Notebook covid19/MY_COVID19-Prediction_2020-05-13-output-candidate.ipynb is not trusted
[I 12:21:04.258 NotebookApp] Kernel started: bab45f76-d178-476c-afcc-c58f43127fa1
[I 12:21:05.862 NotebookApp] Adapting to protocol v5.1 for kernel bab45f76-d178-476c-afcc-c58f43127fa1
[I 12:21:11.849 NotebookApp] Saving file at /covid19/MY_COVID19-Prediction_2020-05-13-output-candidate.ipynb
[W 12:21:11.852 NotebookApp] Notebook covid19/MY_COVID19-Prediction_2020-05-13-output-candidate.ipynb is not trusted
[I 12:21:14.958 NotebookApp] Starting buffering for bab45f76-d178-476c-afcc-c58f43127fa1:ba69070b50604d3788e3d8ec0f6d8ce2
[I 12:21:15.264 NotebookApp] Kernel shutdown: bab45f76-d178-476c-afcc-c58f43127fa1
[I 12:26:12.683 NotebookApp] Copying covid19/MY_COVID19-Prediction_2020-05-13-output-candidate.ipynb to /covid19
[W 12:26:12.911 NotebookApp] Notebook covid19/MY_COVID19-Prediction_2020-05-13-output-candidate.ipynb is not trusted
[W 12:26:13.042 NotebookApp] Notebook covid19/MY_COVID19-Prediction_2020-05-13-output-candidate-Copy1.ipynb is not trusted
[W 12:26:41.441 NotebookApp] Notebook covid19/MY_COVID19-Prediction_2020-05-13-45DaysForecast.ipynb is not trusted
[I 12:26:44.011 NotebookApp] Kernel started: 8b017719-5bbf-4d75-a1cd-69cd0910fc2e
[I 12:26:45.568 NotebookApp] Adapting to protocol v5.1 for kernel 8b017719-5bbf-4d75-a1cd-69cd0910fc2e
[I 12:27:05.680 NotebookApp] Saving file at /covid19/MY_COVID19-Prediction_2020-05-13-45DaysForecast.ipynb
[W 12:27:05.683 NotebookApp] Notebook covid19/MY_COVID19-Prediction_2020-05-13-45DaysForecast.ipynb is not trusted
[I 12:27:51.750 NotebookApp] Saving file at /covid19/MY_COVID19-Prediction_2020-05-13-45DaysForecast.ipynb
[W 12:27:51.753 NotebookApp] Notebook covid19/MY_COVID19-Prediction_2020-05-13-45DaysForecast.ipynb is not trusted
[I 12:30:15.615 NotebookApp] Saving file at /covid19/MY_COVID19-Prediction_2020-05-13-45DaysForecast.ipynb
[W 12:30:15.618 NotebookApp] Notebook covid19/MY_COVID19-Prediction_2020-05-13-45DaysForecast.ipynb is not trusted
[I 12:30:20.121 NotebookApp] Starting buffering for 8b017719-5bbf-4d75-a1cd-69cd0910fc2e:7a2e9391f2604517819c7d4066c86d61
[I 12:30:20.446 NotebookApp] Kernel restarted: 8b017719-5bbf-4d75-a1cd-69cd0910fc2e
[I 12:30:21.934 NotebookApp] Saving file at /covid19/MY_COVID19-Prediction_2020-05-13-45DaysForecast.ipynb
[W 12:30:21.937 NotebookApp] Notebook covid19/MY_COVID19-Prediction_2020-05-13-45DaysForecast.ipynb is not trusted
[I 12:30:22.670 NotebookApp] Adapting to protocol v5.1 for kernel 8b017719-5bbf-4d75-a1cd-69cd0910fc2e
[I 12:30:22.671 NotebookApp] Restoring connection for 8b017719-5bbf-4d75-a1cd-69cd0910fc2e:7a2e9391f2604517819c7d4066c86d61
[I 12:30:22.672 NotebookApp] Replaying 10 buffered messages
[I 12:30:44.072 NotebookApp] Saving file at /covid19/MY_COVID19-Prediction_2020-05-13-45DaysForecast.ipynb
[I 12:31:25.864 NotebookApp] Saving file at /covid19/MY_COVID19-Prediction_2020-05-13-45DaysForecast.ipynb
[I 12:31:57.041 NotebookApp] Saving file at /covid19/MY_COVID19-Prediction_2020-05-13-45DaysForecast.ipynb
[I 12:32:21.580 NotebookApp] Saving file at /covid19/MY_COVID19-Prediction_2020-05-13-45DaysForecast.ipynb
[I 12:32:28.659 NotebookApp] Kernel interrupted: 8b017719-5bbf-4d75-a1cd-69cd0910fc2e
[I 12:32:31.566 NotebookApp] Starting buffering for 8b017719-5bbf-4d75-a1cd-69cd0910fc2e:7a2e9391f2604517819c7d4066c86d61
[I 12:32:32.785 NotebookApp] Kernel shutdown: 8b017719-5bbf-4d75-a1cd-69cd0910fc2e
[I 12:32:33.282 NotebookApp] Saving file at /covid19/MY_COVID19-Prediction_2020-05-13-45DaysForecast.ipynb
[I 12:32:44.084 NotebookApp] Saving file at /covid19/MY_COVID19-Prediction_2020-05-13-45DaysForecast.ipynb
[I 12:32:52.049 NotebookApp] Saving file at /covid19/MY_COVID19-Prediction_2020-05-13-45DaysForecast.ipynb
[E 12:32:55.822 NotebookApp] Exception restarting kernel
    Traceback (most recent call last):
      File "/home/notebookuser/anaconda3/lib/python3.7/site-packages/notebook/services/kernels/handlers.py", line 85, in post
        yield gen.maybe_future(km.restart_kernel(kernel_id))
      File "/home/notebookuser/anaconda3/lib/python3.7/site-packages/tornado/gen.py", line 729, in run
        value = future.result()
      File "/home/notebookuser/anaconda3/lib/python3.7/site-packages/tornado/gen.py", line 209, in wrapper
        yielded = next(result)
      File "/home/notebookuser/anaconda3/lib/python3.7/site-packages/notebook/services/kernels/kernelmanager.py", line 286, in restart_kernel
        self._check_kernel_id(kernel_id)
      File "/home/notebookuser/anaconda3/lib/python3.7/site-packages/notebook/services/kernels/kernelmanager.py", line 366, in _check_kernel_id
        raise web.HTTPError(404, u'Kernel does not exist: %s' % kernel_id)
    tornado.web.HTTPError: HTTP 404: Not Found (Kernel does not exist: 8b017719-5bbf-4d75-a1cd-69cd0910fc2e)
[E 12:32:55.826 NotebookApp] {
      "Host": "localhost:9003",
      "Connection": "keep-alive",
      "Content-Length": "0",
      "Accept": "application/json, text/javascript, */*; q=0.01",
      "X-Requested-With": "XMLHttpRequest",
      "X-Xsrftoken": "2|6e5d5e2a|5908a012aff315191cfbd3063b98585e|1587122443",
      "User-Agent": "Mozilla/5.0 (Macintosh; Intel Mac OS X 10_15_4) AppleWebKit/537.36 (KHTML, like Gecko) Chrome/81.0.4044.129 Safari/537.36",
      "Origin": "http://localhost:9003",
      "Sec-Fetch-Site": "same-origin",
      "Sec-Fetch-Mode": "cors",
      "Sec-Fetch-Dest": "empty",
      "Referer": "http://localhost:9003/notebooks/covid19/MY_COVID19-Prediction_2020-05-13-45DaysForecast.ipynb",
      "Accept-Encoding": "gzip, deflate, br",
      "Accept-Language": "en-GB,en-US;q=0.9,en;q=0.8,pt;q=0.7",
      "Cookie": "_ga=GA1.1.1447342351.1560334150; _mkto_trk=id:321-ODX-117&token:_mch-localhost-1560349182154-40033; mp_74ce2d4729ef21d7b72f3cdfdab0f008_mixpanel=%7B%22distinct_id%22%3A%20%2216b4b61af3db03-057846b72881b9-37647e03-1aeaa0-16b4b61af3ec10%22%2C%22%24device_id%22%3A%20%2216b4b61af3db03-057846b72881b9-37647e03-1aeaa0-16b4b61af3ec10%22%2C%22%24initial_referrer%22%3A%20%22%24direct%22%2C%22%24initial_referring_domain%22%3A%20%22%24direct%22%2C%22__alias%22%3A%20%22joao%40fuelbigdata.com%22%2C%22%24user_id%22%3A%20%22joao%40fuelbigdata.com%22%7D; _sp_id.1fff=b0f7cb72-8e72-4afa-9dc0-e203e39fa1ee.1560337822.7.1582920235.1582893542.1fa1cda2-62a6-4636-a3ad-a336d1ba0117; csrftoken=OBlLqPsVa7XqEup2rwGxrWKM8gBczmb3; _hp2_id.4191207814=%7B%22userId%22%3A%224478592668395128%22%2C%22pageviewId%22%3A%225398815031623501%22%2C%22sessionId%22%3A%223218032882357217%22%2C%22identity%22%3Anull%2C%22trackerVersion%22%3A%224.0%22%7D; _xsrf=2|6e5d5e2a|5908a012aff315191cfbd3063b98585e|1587122443; username-localhost-9003=\"2|1:0|10:1589372453|23:username-localhost-9003|44:MDE3ZmY3YmIxNmM2NDE1ZmJlMzgwYWY3YjBiZWQ1NWM=|8b0cbdaeb133d8481141ec9f3dd5c582818bf41f6debedcc91edf1757d7bfa8d\""
    }
[E 12:32:55.827 NotebookApp] 500 POST /api/kernels/8b017719-5bbf-4d75-a1cd-69cd0910fc2e/restart (172.17.0.1) 4.56ms referer=http://localhost:9003/notebooks/covid19/MY_COVID19-Prediction_2020-05-13-45DaysForecast.ipynb
[W 12:32:55.855 NotebookApp] 404 DELETE /api/sessions/f930c0ae-bb37-45d0-b9c3-90e5f54f906c (172.17.0.1): Session not found: session_id='f930c0ae-bb37-45d0-b9c3-90e5f54f906c'
[W 12:32:55.855 NotebookApp] Session not found: session_id='f930c0ae-bb37-45d0-b9c3-90e5f54f906c'
[W 12:32:55.856 NotebookApp] 404 DELETE /api/sessions/f930c0ae-bb37-45d0-b9c3-90e5f54f906c (172.17.0.1) 2.73ms referer=http://localhost:9003/notebooks/covid19/MY_COVID19-Prediction_2020-05-13-45DaysForecast.ipynb
[I 12:32:55.882 NotebookApp] Kernel started: fabf9f16-5c37-4f32-a3fc-9f1c1fa9d99c
[I 12:32:57.128 NotebookApp] Adapting to protocol v5.1 for kernel fabf9f16-5c37-4f32-a3fc-9f1c1fa9d99c
[I 12:32:59.461 NotebookApp] Starting buffering for fabf9f16-5c37-4f32-a3fc-9f1c1fa9d99c:7a2e9391f2604517819c7d4066c86d61
[I 12:32:59.779 NotebookApp] Kernel restarted: fabf9f16-5c37-4f32-a3fc-9f1c1fa9d99c
[I 12:33:01.058 NotebookApp] Adapting to protocol v5.1 for kernel fabf9f16-5c37-4f32-a3fc-9f1c1fa9d99c
[I 12:33:01.059 NotebookApp] Restoring connection for fabf9f16-5c37-4f32-a3fc-9f1c1fa9d99c:7a2e9391f2604517819c7d4066c86d61
[I 12:33:01.060 NotebookApp] Replaying 7 buffered messages
[I 12:33:02.496 NotebookApp] Saving file at /covid19/MY_COVID19-Prediction_2020-05-13-45DaysForecast.ipynb
[I 12:33:06.947 NotebookApp] Starting buffering for fabf9f16-5c37-4f32-a3fc-9f1c1fa9d99c:7a2e9391f2604517819c7d4066c86d61
[I 12:33:07.269 NotebookApp] Kernel restarted: fabf9f16-5c37-4f32-a3fc-9f1c1fa9d99c
[I 12:33:08.535 NotebookApp] Adapting to protocol v5.1 for kernel fabf9f16-5c37-4f32-a3fc-9f1c1fa9d99c
[I 12:33:08.537 NotebookApp] Restoring connection for fabf9f16-5c37-4f32-a3fc-9f1c1fa9d99c:7a2e9391f2604517819c7d4066c86d61
[I 12:33:08.537 NotebookApp] Replaying 7 buffered messages
[I 12:33:10.770 NotebookApp] Saving file at /covid19/MY_COVID19-Prediction_2020-05-13-45DaysForecast.ipynb
[I 12:34:44.064 NotebookApp] Saving file at /covid19/MY_COVID19-Prediction_2020-05-13-45DaysForecast.ipynb
[I 12:36:44.196 NotebookApp] Saving file at /covid19/MY_COVID19-Prediction_2020-05-13-45DaysForecast.ipynb
[I 12:37:01.029 NotebookApp] Saving file at /covid19/MY_COVID19-Prediction_2020-05-13-45DaysForecast.ipynb
[I 12:39:38.130 NotebookApp] Saving file at /covid19/MY_COVID19-Prediction_2020-05-13-45DaysForecast.ipynb
[I 12:39:42.139 NotebookApp] Starting buffering for fabf9f16-5c37-4f32-a3fc-9f1c1fa9d99c:7a2e9391f2604517819c7d4066c86d61
[I 12:39:47.297 NotebookApp] Kernel restarted: fabf9f16-5c37-4f32-a3fc-9f1c1fa9d99c
[I 12:39:48.518 NotebookApp] Adapting to protocol v5.1 for kernel fabf9f16-5c37-4f32-a3fc-9f1c1fa9d99c
[I 12:39:48.519 NotebookApp] Restoring connection for fabf9f16-5c37-4f32-a3fc-9f1c1fa9d99c:7a2e9391f2604517819c7d4066c86d61
[I 12:39:57.089 NotebookApp] Saving file at /covid19/MY_COVID19-Prediction_2020-05-13-45DaysForecast.ipynb
[I 12:40:01.925 NotebookApp] Kernel interrupted: fabf9f16-5c37-4f32-a3fc-9f1c1fa9d99c
[I 12:40:08.617 NotebookApp] Starting buffering for fabf9f16-5c37-4f32-a3fc-9f1c1fa9d99c:7a2e9391f2604517819c7d4066c86d61
[I 12:40:13.695 NotebookApp] Kernel shutdown: fabf9f16-5c37-4f32-a3fc-9f1c1fa9d99c
[E 12:40:13.922 NotebookApp] Exception restarting kernel
    Traceback (most recent call last):
      File "/home/notebookuser/anaconda3/lib/python3.7/site-packages/notebook/services/kernels/handlers.py", line 85, in post
        yield gen.maybe_future(km.restart_kernel(kernel_id))
      File "/home/notebookuser/anaconda3/lib/python3.7/site-packages/tornado/gen.py", line 729, in run
        value = future.result()
      File "/home/notebookuser/anaconda3/lib/python3.7/site-packages/tornado/gen.py", line 209, in wrapper
        yielded = next(result)
      File "/home/notebookuser/anaconda3/lib/python3.7/site-packages/notebook/services/kernels/kernelmanager.py", line 286, in restart_kernel
        self._check_kernel_id(kernel_id)
      File "/home/notebookuser/anaconda3/lib/python3.7/site-packages/notebook/services/kernels/kernelmanager.py", line 366, in _check_kernel_id
        raise web.HTTPError(404, u'Kernel does not exist: %s' % kernel_id)
    tornado.web.HTTPError: HTTP 404: Not Found (Kernel does not exist: fabf9f16-5c37-4f32-a3fc-9f1c1fa9d99c)
[E 12:40:13.924 NotebookApp] {
      "Host": "localhost:9003",
      "Connection": "keep-alive",
      "Content-Length": "0",
      "Accept": "application/json, text/javascript, */*; q=0.01",
      "X-Requested-With": "XMLHttpRequest",
      "X-Xsrftoken": "2|6e5d5e2a|5908a012aff315191cfbd3063b98585e|1587122443",
      "User-Agent": "Mozilla/5.0 (Macintosh; Intel Mac OS X 10_15_4) AppleWebKit/537.36 (KHTML, like Gecko) Chrome/81.0.4044.129 Safari/537.36",
      "Origin": "http://localhost:9003",
      "Sec-Fetch-Site": "same-origin",
      "Sec-Fetch-Mode": "cors",
      "Sec-Fetch-Dest": "empty",
      "Referer": "http://localhost:9003/notebooks/covid19/MY_COVID19-Prediction_2020-05-13-45DaysForecast.ipynb",
      "Accept-Encoding": "gzip, deflate, br",
      "Accept-Language": "en-GB,en-US;q=0.9,en;q=0.8,pt;q=0.7",
      "Cookie": "_ga=GA1.1.1447342351.1560334150; _mkto_trk=id:321-ODX-117&token:_mch-localhost-1560349182154-40033; mp_74ce2d4729ef21d7b72f3cdfdab0f008_mixpanel=%7B%22distinct_id%22%3A%20%2216b4b61af3db03-057846b72881b9-37647e03-1aeaa0-16b4b61af3ec10%22%2C%22%24device_id%22%3A%20%2216b4b61af3db03-057846b72881b9-37647e03-1aeaa0-16b4b61af3ec10%22%2C%22%24initial_referrer%22%3A%20%22%24direct%22%2C%22%24initial_referring_domain%22%3A%20%22%24direct%22%2C%22__alias%22%3A%20%22joao%40fuelbigdata.com%22%2C%22%24user_id%22%3A%20%22joao%40fuelbigdata.com%22%7D; _sp_id.1fff=b0f7cb72-8e72-4afa-9dc0-e203e39fa1ee.1560337822.7.1582920235.1582893542.1fa1cda2-62a6-4636-a3ad-a336d1ba0117; csrftoken=OBlLqPsVa7XqEup2rwGxrWKM8gBczmb3; _hp2_id.4191207814=%7B%22userId%22%3A%224478592668395128%22%2C%22pageviewId%22%3A%225398815031623501%22%2C%22sessionId%22%3A%223218032882357217%22%2C%22identity%22%3Anull%2C%22trackerVersion%22%3A%224.0%22%7D; _xsrf=2|6e5d5e2a|5908a012aff315191cfbd3063b98585e|1587122443; username-localhost-9003=\"2|1:0|10:1589372453|23:username-localhost-9003|44:MDE3ZmY3YmIxNmM2NDE1ZmJlMzgwYWY3YjBiZWQ1NWM=|8b0cbdaeb133d8481141ec9f3dd5c582818bf41f6debedcc91edf1757d7bfa8d\""
    }
[E 12:40:13.925 NotebookApp] 500 POST /api/kernels/fabf9f16-5c37-4f32-a3fc-9f1c1fa9d99c/restart (172.17.0.1) 2.55ms referer=http://localhost:9003/notebooks/covid19/MY_COVID19-Prediction_2020-05-13-45DaysForecast.ipynb
[W 12:40:13.958 NotebookApp] 404 DELETE /api/sessions/2bcba550-6114-4001-bd83-10072cd0bf5b (172.17.0.1): Session not found: session_id='2bcba550-6114-4001-bd83-10072cd0bf5b'
[W 12:40:13.960 NotebookApp] Session not found: session_id='2bcba550-6114-4001-bd83-10072cd0bf5b'
[W 12:40:13.961 NotebookApp] 404 DELETE /api/sessions/2bcba550-6114-4001-bd83-10072cd0bf5b (172.17.0.1) 3.60ms referer=http://localhost:9003/notebooks/covid19/MY_COVID19-Prediction_2020-05-13-45DaysForecast.ipynb
[I 12:40:13.987 NotebookApp] Kernel started: f76b875d-c1df-4b9b-8f18-84d9705106d7
[I 12:40:15.255 NotebookApp] Adapting to protocol v5.1 for kernel f76b875d-c1df-4b9b-8f18-84d9705106d7
[I 12:40:17.068 NotebookApp] Saving file at /covid19/MY_COVID19-Prediction_2020-05-13-45DaysForecast.ipynb
[I 12:40:45.583 NotebookApp] Starting buffering for f76b875d-c1df-4b9b-8f18-84d9705106d7:7a2e9391f2604517819c7d4066c86d61
[I 12:40:48.304 NotebookApp] Adapting to protocol v5.1 for kernel f76b875d-c1df-4b9b-8f18-84d9705106d7
[I 12:40:56.141 NotebookApp] Kernel shutdown: f76b875d-c1df-4b9b-8f18-84d9705106d7
[E 12:41:04.998 NotebookApp] Exception restarting kernel
    Traceback (most recent call last):
      File "/home/notebookuser/anaconda3/lib/python3.7/site-packages/notebook/services/kernels/handlers.py", line 85, in post
        yield gen.maybe_future(km.restart_kernel(kernel_id))
      File "/home/notebookuser/anaconda3/lib/python3.7/site-packages/tornado/gen.py", line 729, in run
        value = future.result()
      File "/home/notebookuser/anaconda3/lib/python3.7/site-packages/tornado/gen.py", line 209, in wrapper
        yielded = next(result)
      File "/home/notebookuser/anaconda3/lib/python3.7/site-packages/notebook/services/kernels/kernelmanager.py", line 286, in restart_kernel
        self._check_kernel_id(kernel_id)
      File "/home/notebookuser/anaconda3/lib/python3.7/site-packages/notebook/services/kernels/kernelmanager.py", line 366, in _check_kernel_id
        raise web.HTTPError(404, u'Kernel does not exist: %s' % kernel_id)
    tornado.web.HTTPError: HTTP 404: Not Found (Kernel does not exist: f76b875d-c1df-4b9b-8f18-84d9705106d7)
[E 12:41:05.000 NotebookApp] {
      "Host": "localhost:9003",
      "Connection": "keep-alive",
      "Content-Length": "0",
      "Accept": "application/json, text/javascript, */*; q=0.01",
      "X-Requested-With": "XMLHttpRequest",
      "X-Xsrftoken": "2|6e5d5e2a|5908a012aff315191cfbd3063b98585e|1587122443",
      "User-Agent": "Mozilla/5.0 (Macintosh; Intel Mac OS X 10_15_4) AppleWebKit/537.36 (KHTML, like Gecko) Chrome/81.0.4044.129 Safari/537.36",
      "Origin": "http://localhost:9003",
      "Sec-Fetch-Site": "same-origin",
      "Sec-Fetch-Mode": "cors",
      "Sec-Fetch-Dest": "empty",
      "Referer": "http://localhost:9003/notebooks/covid19/MY_COVID19-Prediction_2020-05-13-45DaysForecast.ipynb",
      "Accept-Encoding": "gzip, deflate, br",
      "Accept-Language": "en-GB,en-US;q=0.9,en;q=0.8,pt;q=0.7",
      "Cookie": "_ga=GA1.1.1447342351.1560334150; _mkto_trk=id:321-ODX-117&token:_mch-localhost-1560349182154-40033; mp_74ce2d4729ef21d7b72f3cdfdab0f008_mixpanel=%7B%22distinct_id%22%3A%20%2216b4b61af3db03-057846b72881b9-37647e03-1aeaa0-16b4b61af3ec10%22%2C%22%24device_id%22%3A%20%2216b4b61af3db03-057846b72881b9-37647e03-1aeaa0-16b4b61af3ec10%22%2C%22%24initial_referrer%22%3A%20%22%24direct%22%2C%22%24initial_referring_domain%22%3A%20%22%24direct%22%2C%22__alias%22%3A%20%22joao%40fuelbigdata.com%22%2C%22%24user_id%22%3A%20%22joao%40fuelbigdata.com%22%7D; _sp_id.1fff=b0f7cb72-8e72-4afa-9dc0-e203e39fa1ee.1560337822.7.1582920235.1582893542.1fa1cda2-62a6-4636-a3ad-a336d1ba0117; csrftoken=OBlLqPsVa7XqEup2rwGxrWKM8gBczmb3; _hp2_id.4191207814=%7B%22userId%22%3A%224478592668395128%22%2C%22pageviewId%22%3A%225398815031623501%22%2C%22sessionId%22%3A%223218032882357217%22%2C%22identity%22%3Anull%2C%22trackerVersion%22%3A%224.0%22%7D; _xsrf=2|6e5d5e2a|5908a012aff315191cfbd3063b98585e|1587122443; username-localhost-9003=\"2|1:0|10:1589372453|23:username-localhost-9003|44:MDE3ZmY3YmIxNmM2NDE1ZmJlMzgwYWY3YjBiZWQ1NWM=|8b0cbdaeb133d8481141ec9f3dd5c582818bf41f6debedcc91edf1757d7bfa8d\""
    }
[E 12:41:05.001 NotebookApp] 500 POST /api/kernels/f76b875d-c1df-4b9b-8f18-84d9705106d7/restart (172.17.0.1) 2.91ms referer=http://localhost:9003/notebooks/covid19/MY_COVID19-Prediction_2020-05-13-45DaysForecast.ipynb
[W 12:41:05.025 NotebookApp] 404 DELETE /api/sessions/b89b4e39-b983-450f-b34b-b64d874f97e4 (172.17.0.1): Session not found: session_id='b89b4e39-b983-450f-b34b-b64d874f97e4'
[W 12:41:05.026 NotebookApp] Session not found: session_id='b89b4e39-b983-450f-b34b-b64d874f97e4'
[W 12:41:05.027 NotebookApp] 404 DELETE /api/sessions/b89b4e39-b983-450f-b34b-b64d874f97e4 (172.17.0.1) 3.08ms referer=http://localhost:9003/notebooks/covid19/MY_COVID19-Prediction_2020-05-13-45DaysForecast.ipynb
[I 12:41:05.058 NotebookApp] Kernel started: 91f08b11-ff45-43f1-96fe-e3214cfffa2e
[I 12:41:06.419 NotebookApp] Adapting to protocol v5.1 for kernel 91f08b11-ff45-43f1-96fe-e3214cfffa2e
[I 12:41:15.737 NotebookApp] Starting buffering for 91f08b11-ff45-43f1-96fe-e3214cfffa2e:5a424a40396b4d7c87082baf3ee24dbc
[I 12:41:16.060 NotebookApp] Kernel restarted: 91f08b11-ff45-43f1-96fe-e3214cfffa2e
[I 12:41:17.392 NotebookApp] Adapting to protocol v5.1 for kernel 91f08b11-ff45-43f1-96fe-e3214cfffa2e
[I 12:41:17.393 NotebookApp] Restoring connection for 91f08b11-ff45-43f1-96fe-e3214cfffa2e:5a424a40396b4d7c87082baf3ee24dbc
[I 12:41:17.394 NotebookApp] Replaying 9 buffered messages
[I 12:41:19.158 NotebookApp] Saving file at /covid19/MY_COVID19-Prediction_2020-05-13-45DaysForecast.ipynb
[I 12:41:25.084 NotebookApp] Saving file at /covid19/MY_COVID19-Prediction_2020-05-13-45DaysForecast.ipynb
[I 12:41:26.697 NotebookApp] Starting buffering for 91f08b11-ff45-43f1-96fe-e3214cfffa2e:5a424a40396b4d7c87082baf3ee24dbc
[I 12:41:27.008 NotebookApp] Kernel shutdown: 91f08b11-ff45-43f1-96fe-e3214cfffa2e
[W 12:41:30.811 NotebookApp] 404 DELETE /api/sessions/c0e0791f-2719-45eb-b336-a84ada773c9a (172.17.0.1): Session not found: session_id='c0e0791f-2719-45eb-b336-a84ada773c9a'
[W 12:41:30.812 NotebookApp] Session not found: session_id='c0e0791f-2719-45eb-b336-a84ada773c9a'
[W 12:41:30.813 NotebookApp] 404 DELETE /api/sessions/c0e0791f-2719-45eb-b336-a84ada773c9a (172.17.0.1) 2.63ms referer=http://localhost:9003/tree/covid19
[W 12:41:33.450 NotebookApp] 404 DELETE /api/sessions/c0e0791f-2719-45eb-b336-a84ada773c9a (172.17.0.1): Session not found: session_id='c0e0791f-2719-45eb-b336-a84ada773c9a'
[W 12:41:33.451 NotebookApp] Session not found: session_id='c0e0791f-2719-45eb-b336-a84ada773c9a'
[W 12:41:33.452 NotebookApp] 404 DELETE /api/sessions/c0e0791f-2719-45eb-b336-a84ada773c9a (172.17.0.1) 2.71ms referer=http://localhost:9003/tree/covid19
[W 12:41:33.628 NotebookApp] 404 DELETE /api/sessions/c0e0791f-2719-45eb-b336-a84ada773c9a (172.17.0.1): Session not found: session_id='c0e0791f-2719-45eb-b336-a84ada773c9a'
[W 12:41:33.629 NotebookApp] Session not found: session_id='c0e0791f-2719-45eb-b336-a84ada773c9a'
[W 12:41:33.630 NotebookApp] 404 DELETE /api/sessions/c0e0791f-2719-45eb-b336-a84ada773c9a (172.17.0.1) 2.90ms referer=http://localhost:9003/tree/covid19
[W 12:41:33.782 NotebookApp] 404 DELETE /api/sessions/c0e0791f-2719-45eb-b336-a84ada773c9a (172.17.0.1): Session not found: session_id='c0e0791f-2719-45eb-b336-a84ada773c9a'
[W 12:41:33.783 NotebookApp] Session not found: session_id='c0e0791f-2719-45eb-b336-a84ada773c9a'
[W 12:41:33.784 NotebookApp] 404 DELETE /api/sessions/c0e0791f-2719-45eb-b336-a84ada773c9a (172.17.0.1) 2.57ms referer=http://localhost:9003/tree/covid19
[W 12:41:33.926 NotebookApp] 404 DELETE /api/sessions/c0e0791f-2719-45eb-b336-a84ada773c9a (172.17.0.1): Session not found: session_id='c0e0791f-2719-45eb-b336-a84ada773c9a'
[W 12:41:33.927 NotebookApp] Session not found: session_id='c0e0791f-2719-45eb-b336-a84ada773c9a'
[W 12:41:33.928 NotebookApp] 404 DELETE /api/sessions/c0e0791f-2719-45eb-b336-a84ada773c9a (172.17.0.1) 2.66ms referer=http://localhost:9003/tree/covid19
[I 12:41:43.827 NotebookApp] Kernel started: 2f54922c-b8e4-47ba-9b9c-765b9a8f673e
[I 12:41:45.414 NotebookApp] Adapting to protocol v5.1 for kernel 2f54922c-b8e4-47ba-9b9c-765b9a8f673e
[I 12:41:50.112 NotebookApp] Starting buffering for 2f54922c-b8e4-47ba-9b9c-765b9a8f673e:367c9c4c9b9348c18151b9ade79b9cde
[I 12:41:50.432 NotebookApp] Kernel restarted: 2f54922c-b8e4-47ba-9b9c-765b9a8f673e
[I 12:41:51.682 NotebookApp] Adapting to protocol v5.1 for kernel 2f54922c-b8e4-47ba-9b9c-765b9a8f673e
[I 12:41:51.684 NotebookApp] Restoring connection for 2f54922c-b8e4-47ba-9b9c-765b9a8f673e:367c9c4c9b9348c18151b9ade79b9cde
[I 12:41:51.684 NotebookApp] Replaying 7 buffered messages
[I 12:41:53.249 NotebookApp] Saving file at /covid19/MY_COVID19-Prediction_2020-05-13-45DaysForecast.ipynb
[I 12:43:43.897 NotebookApp] Saving file at /covid19/MY_COVID19-Prediction_2020-05-13-45DaysForecast.ipynb
[I 12:45:43.964 NotebookApp] Saving file at /covid19/MY_COVID19-Prediction_2020-05-13-45DaysForecast.ipynb
[I 12:49:44.046 NotebookApp] Saving file at /covid19/MY_COVID19-Prediction_2020-05-13-45DaysForecast.ipynb
[I 12:51:44.113 NotebookApp] Saving file at /covid19/MY_COVID19-Prediction_2020-05-13-45DaysForecast.ipynb
[I 12:53:08.435 NotebookApp] KernelRestarter: restarting kernel (1/5), keep random ports
kernel 2f54922c-b8e4-47ba-9b9c-765b9a8f673e restarted
[I 12:53:44.297 NotebookApp] Saving file at /covid19/MY_COVID19-Prediction_2020-05-13-45DaysForecast.ipynb
[I 14:10:19.109 NotebookApp] Saving file at /covid19/MY_COVID19-Prediction_2020-05-13-45DaysForecast.ipynb
[W 14:10:36.165 NotebookApp] Notebook covid19/MY_COVID19-Prediction_00MMYYYY.ipynb is not trusted
[I 14:10:38.827 NotebookApp] Kernel started: e09917a3-fc2a-4e87-9d41-28fbb5aa55c9
[I 14:10:40.481 NotebookApp] Adapting to protocol v5.1 for kernel e09917a3-fc2a-4e87-9d41-28fbb5aa55c9
[I 14:11:07.154 NotebookApp] Saving file at /covid19/MY_COVID19-Prediction_00MMYYYY.ipynb
[W 14:11:07.158 NotebookApp] Notebook covid19/MY_COVID19-Prediction_00MMYYYY.ipynb is not trusted
[I 14:11:52.956 NotebookApp] Saving file at /covid19/MY_COVID19-Prediction_00MMYYYY.ipynb
[W 14:11:52.959 NotebookApp] Notebook covid19/MY_COVID19-Prediction_00MMYYYY.ipynb is not trusted
[I 14:11:56.136 NotebookApp] Saving file at /covid19/MY_COVID19-Prediction_00MMYYYY.ipynb
[W 14:11:56.139 NotebookApp] Notebook covid19/MY_COVID19-Prediction_00MMYYYY.ipynb is not trusted
[I 14:11:57.382 NotebookApp] Saving file at /covid19/MY_COVID19-Prediction_00MMYYYY.ipynb
[W 14:11:57.385 NotebookApp] Notebook covid19/MY_COVID19-Prediction_00MMYYYY.ipynb is not trusted
[I 14:12:10.389 NotebookApp] Starting buffering for e09917a3-fc2a-4e87-9d41-28fbb5aa55c9:ac67a36fb6fa411f831b9680493a4185
[I 14:12:10.713 NotebookApp] Kernel restarted: e09917a3-fc2a-4e87-9d41-28fbb5aa55c9
[I 14:12:12.119 NotebookApp] Saving file at /covid19/MY_COVID19-Prediction_00MMYYYY.ipynb
[W 14:12:12.122 NotebookApp] Notebook covid19/MY_COVID19-Prediction_00MMYYYY.ipynb is not trusted
[I 14:12:12.878 NotebookApp] Adapting to protocol v5.1 for kernel e09917a3-fc2a-4e87-9d41-28fbb5aa55c9
[I 14:12:12.879 NotebookApp] Restoring connection for e09917a3-fc2a-4e87-9d41-28fbb5aa55c9:ac67a36fb6fa411f831b9680493a4185
[I 14:12:12.880 NotebookApp] Replaying 10 buffered messages
[I 14:12:16.138 NotebookApp] Saving file at /covid19/MY_COVID19-Prediction_00MMYYYY.ipynb
[I 14:12:38.851 NotebookApp] Saving file at /covid19/MY_COVID19-Prediction_00MMYYYY.ipynb
[I 14:14:38.929 NotebookApp] Saving file at /covid19/MY_COVID19-Prediction_00MMYYYY.ipynb
[I 14:18:39.018 NotebookApp] Saving file at /covid19/MY_COVID19-Prediction_00MMYYYY.ipynb
[I 14:19:31.716 NotebookApp] KernelRestarter: restarting kernel (1/5), keep random ports
kernel e09917a3-fc2a-4e87-9d41-28fbb5aa55c9 restarted
[I 14:20:39.161 NotebookApp] Saving file at /covid19/MY_COVID19-Prediction_00MMYYYY.ipynb
[I 14:21:13.571 NotebookApp] Saving file at /covid19/MY_COVID19-Prediction_00MMYYYY.ipynb
[I 14:22:23.339 NotebookApp] Saving file at /covid19/MY_COVID19-Prediction_00MMYYYY.ipynb
[I 14:22:24.900 NotebookApp] Starting buffering for e09917a3-fc2a-4e87-9d41-28fbb5aa55c9:ac67a36fb6fa411f831b9680493a4185
[I 14:22:27.633 NotebookApp] Saving file at /covid19/MY_COVID19-Prediction_2020-05-13-45DaysForecast.ipynb
[I 14:22:28.999 NotebookApp] Starting buffering for 2f54922c-b8e4-47ba-9b9c-765b9a8f673e:367c9c4c9b9348c18151b9ade79b9cde
[I 14:22:41.380 NotebookApp] Kernel shutdown: 2f54922c-b8e4-47ba-9b9c-765b9a8f673e
[I 14:22:42.247 NotebookApp] Kernel shutdown: e09917a3-fc2a-4e87-9d41-28fbb5aa55c9
[I 14:22:49.091 NotebookApp] Copying covid19/MY_COVID19-Prediction_00MMYYYY.ipynb to /covid19
[I 14:23:17.775 NotebookApp] Copying covid19/MY_COVID19-Prediction_00MMYYYY.ipynb to /covid19
[W 14:23:35.243 NotebookApp] delete /covid19/c.ipynb
[W 14:23:35.246 NotebookApp] Skipping trash for /home/notebookuser/notebooks/covid19/c.ipynb, on different device to home directory
[W 14:23:35.390 NotebookApp] delete /covid19/a.ipynb
[W 14:23:35.393 NotebookApp] Skipping trash for /home/notebookuser/notebooks/covid19/a.ipynb, on different device to home directory
[I 14:52:30.343 NotebookApp] Kernel started: dc93102e-a7e1-47ac-a5ba-03c27d38b15a
[I 14:52:31.958 NotebookApp] Adapting to protocol v5.1 for kernel dc93102e-a7e1-47ac-a5ba-03c27d38b15a
[I 14:55:25.229 NotebookApp] Kernel started: 10e7f264-0f5b-4aa7-90cc-a94329be0dc3
[I 14:55:26.839 NotebookApp] Adapting to protocol v5.1 for kernel 10e7f264-0f5b-4aa7-90cc-a94329be0dc3
[I 14:55:30.255 NotebookApp] Starting buffering for 10e7f264-0f5b-4aa7-90cc-a94329be0dc3:8bdce3c748bb4de29c03e599ac5a8d72
[I 14:55:35.080 NotebookApp] Kernel shutdown: dc93102e-a7e1-47ac-a5ba-03c27d38b15a
[I 14:55:57.293 NotebookApp] Adapting to protocol v5.1 for kernel 10e7f264-0f5b-4aa7-90cc-a94329be0dc3
[I 14:58:19.469 NotebookApp] Starting buffering for 10e7f264-0f5b-4aa7-90cc-a94329be0dc3:93d80234bd5b49728369f6531145ecf1
[I 14:58:24.618 NotebookApp] Kernel shutdown: 10e7f264-0f5b-4aa7-90cc-a94329be0dc3
[I 14:58:34.260 NotebookApp] Kernel started: a1afae85-504a-4925-a8cd-61bc4113ca10
[I 14:58:35.738 NotebookApp] Adapting to protocol v5.1 for kernel a1afae85-504a-4925-a8cd-61bc4113ca10
[I 15:05:30.258 NotebookApp] Kernel started: f9a35436-365c-40df-bd86-b3843cabf40b
[I 15:05:31.711 NotebookApp] Adapting to protocol v5.1 for kernel f9a35436-365c-40df-bd86-b3843cabf40b
[I 15:06:05.654 NotebookApp] Saving file at /covid19/MY_COVID19-Prediction_00MMYYYY.ipynb
[I 15:06:16.567 NotebookApp] Saving file at /covid19/MY_COVID19-Prediction_00MMYYYY.ipynb
[I 15:06:25.991 NotebookApp] Saving file at /covid19/MY_COVID19-Prediction_00MMYYYY.ipynb
[I 15:06:27.149 NotebookApp] Starting buffering for f9a35436-365c-40df-bd86-b3843cabf40b:bca110512be54f62b851d1355e19d506
[I 15:06:34.344 NotebookApp] Kernel started: 2894aa20-f9b4-40f2-af67-bd712a64eb41
[I 15:06:35.943 NotebookApp] Adapting to protocol v5.1 for kernel 2894aa20-f9b4-40f2-af67-bd712a64eb41
[I 15:06:56.805 NotebookApp] Saving file at /covid19/MY_COVID19-Prediction.ipynb
[I 15:06:57.786 NotebookApp] Saving file at /covid19/MY_COVID19-Prediction.ipynb
[I 15:06:58.605 NotebookApp] Starting buffering for 2894aa20-f9b4-40f2-af67-bd712a64eb41:dcfcb6c0450c4bd4802937095748118c
[I 15:07:30.567 NotebookApp] Saving file at /covid19/MY_COVID19-Prediction_2020-05-13-output-candidate.ipynb
[I 15:07:31.436 NotebookApp] Saving file at /covid19/MY_COVID19-Prediction_2020-05-13-output-candidate.ipynb
[I 15:07:32.255 NotebookApp] Saving file at /covid19/MY_COVID19-Prediction_2020-05-13-output-candidate.ipynb
[I 15:07:33.092 NotebookApp] Saving file at /covid19/MY_COVID19-Prediction_2020-05-13-output-candidate.ipynb
[I 15:07:34.720 NotebookApp] Starting buffering for a1afae85-504a-4925-a8cd-61bc4113ca10:60ee6cb2c36c478a96daa662657f85e0
[I 15:10:02.623 NotebookApp] Kernel started: 8cb085bc-90fa-4598-9937-dc7b7b0068fe
[I 15:10:04.300 NotebookApp] Adapting to protocol v5.1 for kernel 8cb085bc-90fa-4598-9937-dc7b7b0068fe
[I 15:10:35.149 NotebookApp] Saving file at /covid19/MY_COVID19-Prediction_2020-05-13-45DaysForecast.ipynb
[I 15:23:11.553 NotebookApp] Kernel shutdown: a1afae85-504a-4925-a8cd-61bc4113ca10
[I 15:23:12.030 NotebookApp] Kernel shutdown: f9a35436-365c-40df-bd86-b3843cabf40b
[I 15:23:12.835 NotebookApp] Kernel shutdown: 2894aa20-f9b4-40f2-af67-bd712a64eb41
[I 15:23:13.557 NotebookApp] Kernel shutdown: 8cb085bc-90fa-4598-9937-dc7b7b0068fe
[W 07:04:00.102 NotebookApp] Notebook covid19/MY_COVID19-Prediction_2020-05-14-output-candidate.ipynb is not trusted
[I 07:04:02.846 NotebookApp] Kernel started: e365576b-a319-4d5d-b183-3263e1964ed4
[I 07:04:04.461 NotebookApp] Adapting to protocol v5.1 for kernel e365576b-a319-4d5d-b183-3263e1964ed4
[W 08:05:01.948 NotebookApp] Notebook covid19/MY_COVID19-Prediction_2020-05-14-output-candidate.ipynb is not trusted
[W 08:05:02.088 NotebookApp] Trusting notebook /covid19/MY_COVID19-Prediction_2020-05-14-output-candidate.ipynb
[I 08:05:02.529 NotebookApp] Starting buffering for e365576b-a319-4d5d-b183-3263e1964ed4:bf071e823fb84d3fb2589babaabf3137
[I 08:05:06.144 NotebookApp] Adapting to protocol v5.1 for kernel e365576b-a319-4d5d-b183-3263e1964ed4
[I 08:05:33.219 NotebookApp] Saving file at /covid19/MY_COVID19-Prediction_2020-05-14-output-candidate.ipynb
